2022-08-25 23:50:56 DEBUG (TestLogs.java:19) Hello World!
2022-08-25 23:50:56 INFO  (TestLogs.java:20) Hello World!
2022-08-25 23:50:56 WARN  (TestLogs.java:21) Hello World!
2022-08-25 23:50:56 ERROR (TestLogs.java:22) Hello World!
2022-08-25 23:51:11 DEBUG (Fractal.java:96) Altura : 125 Anchura : 125 Cord X: 150 Cord Y :150
2022-08-25 23:51:11 DEBUG (Fractal.java:96) Altura : 250 Anchura : 250 Cord X: 300 Cord Y :300
2022-08-25 23:51:11 DEBUG (Fractal.java:96) Altura : 62 Anchura : 62 Cord X: 87 Cord Y :181
2022-08-25 23:51:11 DEBUG (Fractal.java:96) Altura : 62 Anchura : 62 Cord X: 181 Cord Y :87
2022-08-25 23:51:11 DEBUG (Fractal.java:96) Altura : 62 Anchura : 62 Cord X: 275 Cord Y :181
2022-08-25 23:51:11 DEBUG (Fractal.java:96) Altura : 62 Anchura : 62 Cord X: 181 Cord Y :275
2022-08-25 23:51:11 DEBUG (Fractal.java:96) Altura : 125 Anchura : 125 Cord X: 150 Cord Y :150
2022-08-25 23:51:11 DEBUG (Fractal.java:96) Altura : 250 Anchura : 250 Cord X: 300 Cord Y :300
2022-08-25 23:51:11 DEBUG (Fractal.java:96) Altura : 62 Anchura : 62 Cord X: 87 Cord Y :181
2022-08-25 23:51:11 DEBUG (Fractal.java:96) Altura : 62 Anchura : 62 Cord X: 181 Cord Y :87
2022-08-25 23:51:11 DEBUG (Fractal.java:96) Altura : 62 Anchura : 62 Cord X: 275 Cord Y :181
2022-08-25 23:51:11 DEBUG (Fractal.java:96) Altura : 62 Anchura : 62 Cord X: 181 Cord Y :275
2022-08-25 23:52:06 DEBUG (Fractal.java:96) Altura : 125 Anchura : 125 Cord X: 150 Cord Y :150DESPUES 1 CUBO
2022-08-25 23:52:06 DEBUG (Fractal.java:96) Altura : 250 Anchura : 250 Cord X: 300 Cord Y :300DESPUES 1 CUBO
2022-08-25 23:52:06 DEBUG (Fractal.java:96) Altura : 62 Anchura : 62 Cord X: 87 Cord Y :181DESPUES 1 CUBO
2022-08-25 23:52:06 DEBUG (Fractal.java:96) Altura : 62 Anchura : 62 Cord X: 181 Cord Y :87DESPUES 1 CUBO
2022-08-25 23:52:06 DEBUG (Fractal.java:96) Altura : 62 Anchura : 62 Cord X: 275 Cord Y :181DESPUES 1 CUBO
2022-08-25 23:52:06 DEBUG (Fractal.java:96) Altura : 62 Anchura : 62 Cord X: 181 Cord Y :275DESPUES 1 CUBO
2022-08-25 23:52:06 DEBUG (Fractal.java:96) Altura : 125 Anchura : 125 Cord X: 150 Cord Y :150DESPUES 1 CUBO
2022-08-25 23:52:06 DEBUG (Fractal.java:96) Altura : 250 Anchura : 250 Cord X: 300 Cord Y :300DESPUES 1 CUBO
2022-08-25 23:52:06 DEBUG (Fractal.java:96) Altura : 62 Anchura : 62 Cord X: 87 Cord Y :181DESPUES 1 CUBO
2022-08-25 23:52:06 DEBUG (Fractal.java:96) Altura : 62 Anchura : 62 Cord X: 181 Cord Y :87DESPUES 1 CUBO
2022-08-25 23:52:06 DEBUG (Fractal.java:96) Altura : 62 Anchura : 62 Cord X: 275 Cord Y :181DESPUES 1 CUBO
2022-08-25 23:52:06 DEBUG (Fractal.java:96) Altura : 62 Anchura : 62 Cord X: 181 Cord Y :275DESPUES 1 CUBO
2022-08-25 23:52:13 DEBUG (Fractal.java:96) Altura : 125 Anchura : 125 Cord X: 150 Cord Y :150  DESPUES 1 CUBO
2022-08-25 23:52:13 DEBUG (Fractal.java:96) Altura : 250 Anchura : 250 Cord X: 300 Cord Y :300  DESPUES 1 CUBO
2022-08-25 23:52:13 DEBUG (Fractal.java:96) Altura : 62 Anchura : 62 Cord X: 87 Cord Y :181  DESPUES 1 CUBO
2022-08-25 23:52:13 DEBUG (Fractal.java:96) Altura : 62 Anchura : 62 Cord X: 181 Cord Y :87  DESPUES 1 CUBO
2022-08-25 23:52:13 DEBUG (Fractal.java:96) Altura : 62 Anchura : 62 Cord X: 275 Cord Y :181  DESPUES 1 CUBO
2022-08-25 23:52:13 DEBUG (Fractal.java:96) Altura : 62 Anchura : 62 Cord X: 181 Cord Y :275  DESPUES 1 CUBO
2022-08-25 23:52:13 DEBUG (Fractal.java:96) Altura : 125 Anchura : 125 Cord X: 150 Cord Y :150  DESPUES 1 CUBO
2022-08-25 23:52:13 DEBUG (Fractal.java:96) Altura : 250 Anchura : 250 Cord X: 300 Cord Y :300  DESPUES 1 CUBO
2022-08-25 23:52:13 DEBUG (Fractal.java:96) Altura : 62 Anchura : 62 Cord X: 87 Cord Y :181  DESPUES 1 CUBO
2022-08-25 23:52:13 DEBUG (Fractal.java:96) Altura : 62 Anchura : 62 Cord X: 181 Cord Y :87  DESPUES 1 CUBO
2022-08-25 23:52:13 DEBUG (Fractal.java:96) Altura : 62 Anchura : 62 Cord X: 275 Cord Y :181  DESPUES 1 CUBO
2022-08-25 23:52:13 DEBUG (Fractal.java:96) Altura : 62 Anchura : 62 Cord X: 181 Cord Y :275  DESPUES 1 CUBO
2022-08-25 23:52:28 DEBUG (Fractal.java:96) Altura : 125 Anchura : 125 Cord X: 150 Cord Y :150  DESPUES 1 CUBO
2022-08-25 23:52:28 DEBUG (Fractal.java:96) Altura : 250 Anchura : 250 Cord X: 300 Cord Y :300  DESPUES 1 CUBO
2022-08-25 23:52:28 DEBUG (Fractal.java:96) Altura : 62 Anchura : 62 Cord X: 87 Cord Y :181  DESPUES 1 CUBO
2022-08-25 23:52:28 DEBUG (Fractal.java:96) Altura : 62 Anchura : 62 Cord X: 181 Cord Y :87  DESPUES 1 CUBO
2022-08-25 23:52:28 DEBUG (Fractal.java:96) Altura : 62 Anchura : 62 Cord X: 275 Cord Y :181  DESPUES 1 CUBO
2022-08-25 23:52:28 DEBUG (Fractal.java:96) Altura : 62 Anchura : 62 Cord X: 181 Cord Y :275  DESPUES 1 CUBO
2022-08-25 23:53:29 DEBUG (Fractal.java:97) Altura : 125 Anchura : 125 Cord X: 150 Cord Y :150  DESPUES 1 CUBO
2022-08-25 23:53:29 DEBUG (Fractal.java:97) Altura : 250 Anchura : 250 Cord X: 300 Cord Y :300  DESPUES 1 CUBO
2022-08-25 23:53:29 DEBUG (Fractal.java:97) Altura : 62 Anchura : 62 Cord X: 87 Cord Y :181  DESPUES 1 CUBO
2022-08-25 23:53:29 DEBUG (Fractal.java:97) Altura : 62 Anchura : 62 Cord X: 181 Cord Y :87  DESPUES 1 CUBO
2022-08-25 23:53:29 DEBUG (Fractal.java:97) Altura : 62 Anchura : 62 Cord X: 275 Cord Y :181  DESPUES 1 CUBO
2022-08-25 23:53:29 DEBUG (Fractal.java:97) Altura : 62 Anchura : 62 Cord X: 181 Cord Y :275  DESPUES 1 CUBO
2022-08-25 23:53:29 DEBUG (Fractal.java:97) Altura : 125 Anchura : 125 Cord X: 150 Cord Y :150  DESPUES 1 CUBO
2022-08-25 23:53:29 DEBUG (Fractal.java:97) Altura : 250 Anchura : 250 Cord X: 300 Cord Y :300  DESPUES 1 CUBO
2022-08-25 23:53:29 DEBUG (Fractal.java:97) Altura : 62 Anchura : 62 Cord X: 87 Cord Y :181  DESPUES 1 CUBO
2022-08-25 23:53:29 DEBUG (Fractal.java:97) Altura : 62 Anchura : 62 Cord X: 181 Cord Y :87  DESPUES 1 CUBO
2022-08-25 23:53:29 DEBUG (Fractal.java:97) Altura : 62 Anchura : 62 Cord X: 275 Cord Y :181  DESPUES 1 CUBO
2022-08-25 23:53:29 DEBUG (Fractal.java:97) Altura : 62 Anchura : 62 Cord X: 181 Cord Y :275  DESPUES 1 CUBO
2022-08-25 23:54:01 DEBUG (Fractal.java:94) Color  :-10
2022-08-25 23:54:01 DEBUG (Fractal.java:98) Altura : 125 Anchura : 125 Cord X: 150 Cord Y :150  DESPUES 1 CUBO
2022-08-25 23:54:01 DEBUG (Fractal.java:94) Color  :-10
2022-08-25 23:54:01 DEBUG (Fractal.java:94) Color  :-10
2022-08-25 23:54:01 DEBUG (Fractal.java:94) Color  :-10
2022-08-25 23:54:01 DEBUG (Fractal.java:94) Color  :-10
2022-08-25 23:54:01 DEBUG (Fractal.java:98) Altura : 250 Anchura : 250 Cord X: 300 Cord Y :300  DESPUES 1 CUBO
2022-08-25 23:54:01 DEBUG (Fractal.java:94) Color  :-10
2022-08-25 23:54:01 DEBUG (Fractal.java:98) Altura : 62 Anchura : 62 Cord X: 87 Cord Y :181  DESPUES 1 CUBO
2022-08-25 23:54:01 DEBUG (Fractal.java:94) Color  :-10
2022-08-25 23:54:01 DEBUG (Fractal.java:94) Color  :-10
2022-08-25 23:54:01 DEBUG (Fractal.java:94) Color  :-10
2022-08-25 23:54:01 DEBUG (Fractal.java:94) Color  :-10
2022-08-25 23:54:01 DEBUG (Fractal.java:94) Color  :-10
2022-08-25 23:54:01 DEBUG (Fractal.java:98) Altura : 62 Anchura : 62 Cord X: 181 Cord Y :87  DESPUES 1 CUBO
2022-08-25 23:54:01 DEBUG (Fractal.java:94) Color  :-10
2022-08-25 23:54:01 DEBUG (Fractal.java:94) Color  :-10
2022-08-25 23:54:01 DEBUG (Fractal.java:94) Color  :-10
2022-08-25 23:54:01 DEBUG (Fractal.java:94) Color  :-10
2022-08-25 23:54:01 DEBUG (Fractal.java:94) Color  :-10
2022-08-25 23:54:01 DEBUG (Fractal.java:98) Altura : 62 Anchura : 62 Cord X: 275 Cord Y :181  DESPUES 1 CUBO
2022-08-25 23:54:01 DEBUG (Fractal.java:94) Color  :-10
2022-08-25 23:54:01 DEBUG (Fractal.java:94) Color  :-10
2022-08-25 23:54:01 DEBUG (Fractal.java:94) Color  :-10
2022-08-25 23:54:01 DEBUG (Fractal.java:94) Color  :-10
2022-08-25 23:54:01 DEBUG (Fractal.java:94) Color  :-10
2022-08-25 23:54:01 DEBUG (Fractal.java:98) Altura : 62 Anchura : 62 Cord X: 181 Cord Y :275  DESPUES 1 CUBO
2022-08-25 23:54:01 DEBUG (Fractal.java:94) Color  :-10
2022-08-25 23:54:01 DEBUG (Fractal.java:94) Color  :-10
2022-08-25 23:54:01 DEBUG (Fractal.java:94) Color  :-10
2022-08-25 23:54:01 DEBUG (Fractal.java:94) Color  :-10
2022-08-25 23:54:01 DEBUG (Fractal.java:94) Color  :-10
2022-08-25 23:54:01 DEBUG (Fractal.java:98) Altura : 125 Anchura : 125 Cord X: 150 Cord Y :150  DESPUES 1 CUBO
2022-08-25 23:54:01 DEBUG (Fractal.java:94) Color  :-10
2022-08-25 23:54:01 DEBUG (Fractal.java:94) Color  :-10
2022-08-25 23:54:01 DEBUG (Fractal.java:94) Color  :-10
2022-08-25 23:54:01 DEBUG (Fractal.java:94) Color  :-10
2022-08-25 23:54:01 DEBUG (Fractal.java:98) Altura : 250 Anchura : 250 Cord X: 300 Cord Y :300  DESPUES 1 CUBO
2022-08-25 23:54:01 DEBUG (Fractal.java:94) Color  :-10
2022-08-25 23:54:01 DEBUG (Fractal.java:98) Altura : 62 Anchura : 62 Cord X: 87 Cord Y :181  DESPUES 1 CUBO
2022-08-25 23:54:01 DEBUG (Fractal.java:94) Color  :-10
2022-08-25 23:54:01 DEBUG (Fractal.java:94) Color  :-10
2022-08-25 23:54:01 DEBUG (Fractal.java:94) Color  :-10
2022-08-25 23:54:01 DEBUG (Fractal.java:94) Color  :-10
2022-08-25 23:54:01 DEBUG (Fractal.java:94) Color  :-10
2022-08-25 23:54:01 DEBUG (Fractal.java:98) Altura : 62 Anchura : 62 Cord X: 181 Cord Y :87  DESPUES 1 CUBO
2022-08-25 23:54:01 DEBUG (Fractal.java:94) Color  :-10
2022-08-25 23:54:01 DEBUG (Fractal.java:94) Color  :-10
2022-08-25 23:54:01 DEBUG (Fractal.java:94) Color  :-10
2022-08-25 23:54:01 DEBUG (Fractal.java:94) Color  :-10
2022-08-25 23:54:01 DEBUG (Fractal.java:94) Color  :-10
2022-08-25 23:54:01 DEBUG (Fractal.java:98) Altura : 62 Anchura : 62 Cord X: 275 Cord Y :181  DESPUES 1 CUBO
2022-08-25 23:54:01 DEBUG (Fractal.java:94) Color  :-10
2022-08-25 23:54:01 DEBUG (Fractal.java:94) Color  :-10
2022-08-25 23:54:01 DEBUG (Fractal.java:94) Color  :-10
2022-08-25 23:54:01 DEBUG (Fractal.java:94) Color  :-10
2022-08-25 23:54:01 DEBUG (Fractal.java:94) Color  :-10
2022-08-25 23:54:01 DEBUG (Fractal.java:98) Altura : 62 Anchura : 62 Cord X: 181 Cord Y :275  DESPUES 1 CUBO
2022-08-25 23:54:01 DEBUG (Fractal.java:94) Color  :-10
2022-08-25 23:54:01 DEBUG (Fractal.java:94) Color  :-10
2022-08-25 23:54:01 DEBUG (Fractal.java:94) Color  :-10
2022-08-25 23:54:01 DEBUG (Fractal.java:94) Color  :-10
2022-08-25 23:54:20 DEBUG (Fractal.java:94) Color  :110
2022-08-25 23:54:20 DEBUG (Fractal.java:98) Altura : 125 Anchura : 125 Cord X: 150 Cord Y :150  DESPUES 1 CUBO
2022-08-25 23:54:20 DEBUG (Fractal.java:94) Color  :110
2022-08-25 23:54:20 DEBUG (Fractal.java:94) Color  :110
2022-08-25 23:54:20 DEBUG (Fractal.java:94) Color  :110
2022-08-25 23:54:20 DEBUG (Fractal.java:94) Color  :110
2022-08-25 23:54:20 DEBUG (Fractal.java:98) Altura : 250 Anchura : 250 Cord X: 300 Cord Y :300  DESPUES 1 CUBO
2022-08-25 23:54:20 DEBUG (Fractal.java:94) Color  :110
2022-08-25 23:54:20 DEBUG (Fractal.java:98) Altura : 62 Anchura : 62 Cord X: 87 Cord Y :181  DESPUES 1 CUBO
2022-08-25 23:54:20 DEBUG (Fractal.java:94) Color  :110
2022-08-25 23:54:20 DEBUG (Fractal.java:94) Color  :110
2022-08-25 23:54:20 DEBUG (Fractal.java:94) Color  :110
2022-08-25 23:54:20 DEBUG (Fractal.java:94) Color  :110
2022-08-25 23:54:20 DEBUG (Fractal.java:94) Color  :110
2022-08-25 23:54:20 DEBUG (Fractal.java:98) Altura : 62 Anchura : 62 Cord X: 181 Cord Y :87  DESPUES 1 CUBO
2022-08-25 23:54:20 DEBUG (Fractal.java:94) Color  :110
2022-08-25 23:54:20 DEBUG (Fractal.java:94) Color  :110
2022-08-25 23:54:20 DEBUG (Fractal.java:94) Color  :110
2022-08-25 23:54:20 DEBUG (Fractal.java:94) Color  :110
2022-08-25 23:54:20 DEBUG (Fractal.java:94) Color  :110
2022-08-25 23:54:20 DEBUG (Fractal.java:98) Altura : 62 Anchura : 62 Cord X: 275 Cord Y :181  DESPUES 1 CUBO
2022-08-25 23:54:20 DEBUG (Fractal.java:94) Color  :110
2022-08-25 23:54:20 DEBUG (Fractal.java:94) Color  :110
2022-08-25 23:54:20 DEBUG (Fractal.java:94) Color  :110
2022-08-25 23:54:20 DEBUG (Fractal.java:94) Color  :110
2022-08-25 23:54:20 DEBUG (Fractal.java:94) Color  :110
2022-08-25 23:54:20 DEBUG (Fractal.java:98) Altura : 62 Anchura : 62 Cord X: 181 Cord Y :275  DESPUES 1 CUBO
2022-08-25 23:54:20 DEBUG (Fractal.java:94) Color  :110
2022-08-25 23:54:20 DEBUG (Fractal.java:94) Color  :110
2022-08-25 23:54:20 DEBUG (Fractal.java:94) Color  :110
2022-08-25 23:54:20 DEBUG (Fractal.java:94) Color  :110
2022-08-25 23:54:20 DEBUG (Fractal.java:94) Color  :110
2022-08-25 23:54:20 DEBUG (Fractal.java:98) Altura : 125 Anchura : 125 Cord X: 150 Cord Y :150  DESPUES 1 CUBO
2022-08-25 23:54:20 DEBUG (Fractal.java:94) Color  :110
2022-08-25 23:54:20 DEBUG (Fractal.java:94) Color  :110
2022-08-25 23:54:20 DEBUG (Fractal.java:94) Color  :110
2022-08-25 23:54:20 DEBUG (Fractal.java:94) Color  :110
2022-08-25 23:54:20 DEBUG (Fractal.java:98) Altura : 250 Anchura : 250 Cord X: 300 Cord Y :300  DESPUES 1 CUBO
2022-08-25 23:54:20 DEBUG (Fractal.java:94) Color  :110
2022-08-25 23:54:20 DEBUG (Fractal.java:98) Altura : 62 Anchura : 62 Cord X: 87 Cord Y :181  DESPUES 1 CUBO
2022-08-25 23:54:20 DEBUG (Fractal.java:94) Color  :110
2022-08-25 23:54:20 DEBUG (Fractal.java:94) Color  :110
2022-08-25 23:54:20 DEBUG (Fractal.java:94) Color  :110
2022-08-25 23:54:20 DEBUG (Fractal.java:94) Color  :110
2022-08-25 23:54:20 DEBUG (Fractal.java:94) Color  :110
2022-08-25 23:54:20 DEBUG (Fractal.java:98) Altura : 62 Anchura : 62 Cord X: 181 Cord Y :87  DESPUES 1 CUBO
2022-08-25 23:54:20 DEBUG (Fractal.java:94) Color  :110
2022-08-25 23:54:20 DEBUG (Fractal.java:94) Color  :110
2022-08-25 23:54:20 DEBUG (Fractal.java:94) Color  :110
2022-08-25 23:54:20 DEBUG (Fractal.java:94) Color  :110
2022-08-25 23:54:20 DEBUG (Fractal.java:94) Color  :110
2022-08-25 23:54:20 DEBUG (Fractal.java:98) Altura : 62 Anchura : 62 Cord X: 275 Cord Y :181  DESPUES 1 CUBO
2022-08-25 23:54:20 DEBUG (Fractal.java:94) Color  :110
2022-08-25 23:54:20 DEBUG (Fractal.java:94) Color  :110
2022-08-25 23:54:20 DEBUG (Fractal.java:94) Color  :110
2022-08-25 23:54:20 DEBUG (Fractal.java:94) Color  :110
2022-08-25 23:54:20 DEBUG (Fractal.java:94) Color  :110
2022-08-25 23:54:20 DEBUG (Fractal.java:98) Altura : 62 Anchura : 62 Cord X: 181 Cord Y :275  DESPUES 1 CUBO
2022-08-25 23:54:20 DEBUG (Fractal.java:94) Color  :110
2022-08-25 23:54:20 DEBUG (Fractal.java:94) Color  :110
2022-08-25 23:54:20 DEBUG (Fractal.java:94) Color  :110
2022-08-25 23:54:20 DEBUG (Fractal.java:94) Color  :110
2022-08-25 23:54:37 DEBUG (Fractal.java:94) Color  :80
2022-08-25 23:54:37 DEBUG (Fractal.java:98) Altura : 125 Anchura : 125 Cord X: 150 Cord Y :150  DESPUES 1 CUBO
2022-08-25 23:54:37 DEBUG (Fractal.java:94) Color  :80
2022-08-25 23:54:37 DEBUG (Fractal.java:94) Color  :80
2022-08-25 23:54:37 DEBUG (Fractal.java:94) Color  :80
2022-08-25 23:54:37 DEBUG (Fractal.java:94) Color  :80
2022-08-25 23:54:37 DEBUG (Fractal.java:98) Altura : 250 Anchura : 250 Cord X: 300 Cord Y :300  DESPUES 1 CUBO
2022-08-25 23:54:37 DEBUG (Fractal.java:94) Color  :80
2022-08-25 23:54:37 DEBUG (Fractal.java:98) Altura : 62 Anchura : 62 Cord X: 87 Cord Y :181  DESPUES 1 CUBO
2022-08-25 23:54:37 DEBUG (Fractal.java:94) Color  :80
2022-08-25 23:54:37 DEBUG (Fractal.java:94) Color  :80
2022-08-25 23:54:37 DEBUG (Fractal.java:94) Color  :80
2022-08-25 23:54:37 DEBUG (Fractal.java:94) Color  :80
2022-08-25 23:54:37 DEBUG (Fractal.java:94) Color  :80
2022-08-25 23:54:37 DEBUG (Fractal.java:98) Altura : 62 Anchura : 62 Cord X: 181 Cord Y :87  DESPUES 1 CUBO
2022-08-25 23:54:37 DEBUG (Fractal.java:94) Color  :80
2022-08-25 23:54:37 DEBUG (Fractal.java:94) Color  :80
2022-08-25 23:54:37 DEBUG (Fractal.java:94) Color  :80
2022-08-25 23:54:37 DEBUG (Fractal.java:94) Color  :80
2022-08-25 23:54:37 DEBUG (Fractal.java:94) Color  :80
2022-08-25 23:54:37 DEBUG (Fractal.java:98) Altura : 62 Anchura : 62 Cord X: 275 Cord Y :181  DESPUES 1 CUBO
2022-08-25 23:54:37 DEBUG (Fractal.java:94) Color  :80
2022-08-25 23:54:37 DEBUG (Fractal.java:94) Color  :80
2022-08-25 23:54:37 DEBUG (Fractal.java:94) Color  :80
2022-08-25 23:54:37 DEBUG (Fractal.java:94) Color  :80
2022-08-25 23:54:37 DEBUG (Fractal.java:94) Color  :80
2022-08-25 23:54:37 DEBUG (Fractal.java:98) Altura : 62 Anchura : 62 Cord X: 181 Cord Y :275  DESPUES 1 CUBO
2022-08-25 23:54:37 DEBUG (Fractal.java:94) Color  :80
2022-08-25 23:54:37 DEBUG (Fractal.java:94) Color  :80
2022-08-25 23:54:37 DEBUG (Fractal.java:94) Color  :80
2022-08-25 23:54:37 DEBUG (Fractal.java:94) Color  :80
2022-08-25 23:54:37 DEBUG (Fractal.java:94) Color  :80
2022-08-25 23:54:37 DEBUG (Fractal.java:98) Altura : 125 Anchura : 125 Cord X: 150 Cord Y :150  DESPUES 1 CUBO
2022-08-25 23:54:37 DEBUG (Fractal.java:94) Color  :80
2022-08-25 23:54:37 DEBUG (Fractal.java:94) Color  :80
2022-08-25 23:54:37 DEBUG (Fractal.java:94) Color  :80
2022-08-25 23:54:37 DEBUG (Fractal.java:94) Color  :80
2022-08-25 23:54:37 DEBUG (Fractal.java:98) Altura : 250 Anchura : 250 Cord X: 300 Cord Y :300  DESPUES 1 CUBO
2022-08-25 23:54:37 DEBUG (Fractal.java:94) Color  :80
2022-08-25 23:54:37 DEBUG (Fractal.java:98) Altura : 62 Anchura : 62 Cord X: 87 Cord Y :181  DESPUES 1 CUBO
2022-08-25 23:54:37 DEBUG (Fractal.java:94) Color  :80
2022-08-25 23:54:37 DEBUG (Fractal.java:94) Color  :80
2022-08-25 23:54:37 DEBUG (Fractal.java:94) Color  :80
2022-08-25 23:54:37 DEBUG (Fractal.java:94) Color  :80
2022-08-25 23:54:37 DEBUG (Fractal.java:94) Color  :80
2022-08-25 23:54:37 DEBUG (Fractal.java:98) Altura : 62 Anchura : 62 Cord X: 181 Cord Y :87  DESPUES 1 CUBO
2022-08-25 23:54:37 DEBUG (Fractal.java:94) Color  :80
2022-08-25 23:54:37 DEBUG (Fractal.java:94) Color  :80
2022-08-25 23:54:37 DEBUG (Fractal.java:94) Color  :80
2022-08-25 23:54:37 DEBUG (Fractal.java:94) Color  :80
2022-08-25 23:54:37 DEBUG (Fractal.java:94) Color  :80
2022-08-25 23:54:37 DEBUG (Fractal.java:98) Altura : 62 Anchura : 62 Cord X: 275 Cord Y :181  DESPUES 1 CUBO
2022-08-25 23:54:37 DEBUG (Fractal.java:94) Color  :80
2022-08-25 23:54:37 DEBUG (Fractal.java:94) Color  :80
2022-08-25 23:54:37 DEBUG (Fractal.java:94) Color  :80
2022-08-25 23:54:37 DEBUG (Fractal.java:94) Color  :80
2022-08-25 23:54:37 DEBUG (Fractal.java:94) Color  :80
2022-08-25 23:54:37 DEBUG (Fractal.java:98) Altura : 62 Anchura : 62 Cord X: 181 Cord Y :275  DESPUES 1 CUBO
2022-08-25 23:54:37 DEBUG (Fractal.java:94) Color  :80
2022-08-25 23:54:37 DEBUG (Fractal.java:94) Color  :80
2022-08-25 23:54:37 DEBUG (Fractal.java:94) Color  :80
2022-08-25 23:54:37 DEBUG (Fractal.java:94) Color  :80
2022-08-25 23:55:46 DEBUG (Fractal.java:94) Altura : 125 Anchura : 125 Cord X: 150 Cord Y :150  DESPUES 1 CUBO
2022-08-25 23:55:46 DEBUG (Fractal.java:94) Altura : 250 Anchura : 250 Cord X: 300 Cord Y :300  DESPUES 1 CUBO
2022-08-25 23:55:46 DEBUG (Fractal.java:94) Altura : 62 Anchura : 62 Cord X: 87 Cord Y :181  DESPUES 1 CUBO
2022-08-25 23:55:46 DEBUG (Fractal.java:94) Altura : 62 Anchura : 62 Cord X: 181 Cord Y :87  DESPUES 1 CUBO
2022-08-25 23:55:46 DEBUG (Fractal.java:94) Altura : 62 Anchura : 62 Cord X: 275 Cord Y :181  DESPUES 1 CUBO
2022-08-25 23:55:46 DEBUG (Fractal.java:94) Altura : 62 Anchura : 62 Cord X: 181 Cord Y :275  DESPUES 1 CUBO
2022-08-25 23:55:46 DEBUG (Fractal.java:94) Altura : 125 Anchura : 125 Cord X: 150 Cord Y :150  DESPUES 1 CUBO
2022-08-25 23:55:46 DEBUG (Fractal.java:94) Altura : 250 Anchura : 250 Cord X: 300 Cord Y :300  DESPUES 1 CUBO
2022-08-25 23:55:46 DEBUG (Fractal.java:94) Altura : 62 Anchura : 62 Cord X: 87 Cord Y :181  DESPUES 1 CUBO
2022-08-25 23:55:46 DEBUG (Fractal.java:94) Altura : 62 Anchura : 62 Cord X: 181 Cord Y :87  DESPUES 1 CUBO
2022-08-25 23:55:46 DEBUG (Fractal.java:94) Altura : 62 Anchura : 62 Cord X: 275 Cord Y :181  DESPUES 1 CUBO
2022-08-25 23:55:46 DEBUG (Fractal.java:94) Altura : 62 Anchura : 62 Cord X: 181 Cord Y :275  DESPUES 1 CUBO
2022-08-25 23:56:02 DEBUG (Fractal.java:94) Altura : 125 Anchura : 125 Cord X: 150 Cord Y :150  DESPUES 1 CUBO
2022-08-25 23:56:02 DEBUG (Fractal.java:94) Altura : 250 Anchura : 250 Cord X: 300 Cord Y :300  DESPUES 1 CUBO
2022-08-25 23:56:02 DEBUG (Fractal.java:94) Altura : 62 Anchura : 62 Cord X: 87 Cord Y :181  DESPUES 1 CUBO
2022-08-25 23:56:02 DEBUG (Fractal.java:94) Altura : 62 Anchura : 62 Cord X: 181 Cord Y :87  DESPUES 1 CUBO
2022-08-25 23:56:02 DEBUG (Fractal.java:94) Altura : 62 Anchura : 62 Cord X: 275 Cord Y :181  DESPUES 1 CUBO
2022-08-25 23:56:02 DEBUG (Fractal.java:94) Altura : 62 Anchura : 62 Cord X: 181 Cord Y :275  DESPUES 1 CUBO
2022-08-25 23:56:02 DEBUG (Fractal.java:94) Altura : 125 Anchura : 125 Cord X: 150 Cord Y :150  DESPUES 1 CUBO
2022-08-25 23:56:02 DEBUG (Fractal.java:94) Altura : 250 Anchura : 250 Cord X: 300 Cord Y :300  DESPUES 1 CUBO
2022-08-25 23:56:02 DEBUG (Fractal.java:94) Altura : 62 Anchura : 62 Cord X: 87 Cord Y :181  DESPUES 1 CUBO
2022-08-25 23:56:02 DEBUG (Fractal.java:94) Altura : 62 Anchura : 62 Cord X: 181 Cord Y :87  DESPUES 1 CUBO
2022-08-25 23:56:02 DEBUG (Fractal.java:94) Altura : 62 Anchura : 62 Cord X: 275 Cord Y :181  DESPUES 1 CUBO
2022-08-25 23:56:02 DEBUG (Fractal.java:94) Altura : 62 Anchura : 62 Cord X: 181 Cord Y :275  DESPUES 1 CUBO
2022-08-25 23:56:06 DEBUG (Fractal.java:94) Altura : 125 Anchura : 125 Cord X: 150 Cord Y :150  DESPUES 1 CUBO
2022-08-25 23:56:06 DEBUG (Fractal.java:94) Altura : 250 Anchura : 250 Cord X: 300 Cord Y :300  DESPUES 1 CUBO
2022-08-25 23:56:06 DEBUG (Fractal.java:94) Altura : 62 Anchura : 62 Cord X: 87 Cord Y :181  DESPUES 1 CUBO
2022-08-25 23:56:06 DEBUG (Fractal.java:94) Altura : 62 Anchura : 62 Cord X: 181 Cord Y :87  DESPUES 1 CUBO
2022-08-25 23:56:06 DEBUG (Fractal.java:94) Altura : 62 Anchura : 62 Cord X: 275 Cord Y :181  DESPUES 1 CUBO
2022-08-25 23:56:06 DEBUG (Fractal.java:94) Altura : 62 Anchura : 62 Cord X: 181 Cord Y :275  DESPUES 1 CUBO
2022-08-25 23:56:08 DEBUG (Fractal.java:94) Altura : 62 Anchura : 62 Cord X: 75 Cord Y :75  DESPUES 1 CUBO
2022-08-25 23:56:08 DEBUG (Fractal.java:94) Altura : 125 Anchura : 125 Cord X: 150 Cord Y :150  DESPUES 1 CUBO
2022-08-25 23:56:08 DEBUG (Fractal.java:94) Altura : 31 Anchura : 31 Cord X: 44 Cord Y :90  DESPUES 1 CUBO
2022-08-25 23:56:08 DEBUG (Fractal.java:94) Altura : 31 Anchura : 31 Cord X: 90 Cord Y :44  DESPUES 1 CUBO
2022-08-25 23:56:08 DEBUG (Fractal.java:94) Altura : 31 Anchura : 31 Cord X: 137 Cord Y :90  DESPUES 1 CUBO
2022-08-25 23:56:08 DEBUG (Fractal.java:94) Altura : 31 Anchura : 31 Cord X: 90 Cord Y :137  DESPUES 1 CUBO
2022-08-25 23:56:08 DEBUG (Fractal.java:94) Altura : 250 Anchura : 250 Cord X: 300 Cord Y :300  DESPUES 1 CUBO
2022-08-25 23:56:08 DEBUG (Fractal.java:94) Altura : 31 Anchura : 31 Cord X: 43 Cord Y :90  DESPUES 1 CUBO
2022-08-25 23:56:08 DEBUG (Fractal.java:94) Altura : 62 Anchura : 62 Cord X: 87 Cord Y :181  DESPUES 1 CUBO
2022-08-25 23:56:08 DEBUG (Fractal.java:94) Altura : 15 Anchura : 15 Cord X: 28 Cord Y :98  DESPUES 1 CUBO
2022-08-25 23:56:08 DEBUG (Fractal.java:94) Altura : 15 Anchura : 15 Cord X: 51 Cord Y :75  DESPUES 1 CUBO
2022-08-25 23:56:08 DEBUG (Fractal.java:94) Altura : 15 Anchura : 15 Cord X: 74 Cord Y :98  DESPUES 1 CUBO
2022-08-25 23:56:08 DEBUG (Fractal.java:94) Altura : 15 Anchura : 15 Cord X: 51 Cord Y :121  DESPUES 1 CUBO
2022-08-25 23:56:08 DEBUG (Fractal.java:94) Altura : 31 Anchura : 31 Cord X: 90 Cord Y :43  DESPUES 1 CUBO
2022-08-25 23:56:08 DEBUG (Fractal.java:94) Altura : 62 Anchura : 62 Cord X: 181 Cord Y :87  DESPUES 1 CUBO
2022-08-25 23:56:08 DEBUG (Fractal.java:94) Altura : 15 Anchura : 15 Cord X: 75 Cord Y :51  DESPUES 1 CUBO
2022-08-25 23:56:08 DEBUG (Fractal.java:94) Altura : 15 Anchura : 15 Cord X: 98 Cord Y :28  DESPUES 1 CUBO
2022-08-25 23:56:08 DEBUG (Fractal.java:94) Altura : 15 Anchura : 15 Cord X: 121 Cord Y :51  DESPUES 1 CUBO
2022-08-25 23:56:08 DEBUG (Fractal.java:94) Altura : 15 Anchura : 15 Cord X: 98 Cord Y :74  DESPUES 1 CUBO
2022-08-25 23:56:08 DEBUG (Fractal.java:94) Altura : 31 Anchura : 31 Cord X: 137 Cord Y :90  DESPUES 1 CUBO
2022-08-25 23:56:08 DEBUG (Fractal.java:94) Altura : 62 Anchura : 62 Cord X: 275 Cord Y :181  DESPUES 1 CUBO
2022-08-25 23:56:08 DEBUG (Fractal.java:94) Altura : 15 Anchura : 15 Cord X: 122 Cord Y :98  DESPUES 1 CUBO
2022-08-25 23:56:08 DEBUG (Fractal.java:94) Altura : 15 Anchura : 15 Cord X: 145 Cord Y :75  DESPUES 1 CUBO
2022-08-25 23:56:08 DEBUG (Fractal.java:94) Altura : 15 Anchura : 15 Cord X: 168 Cord Y :98  DESPUES 1 CUBO
2022-08-25 23:56:08 DEBUG (Fractal.java:94) Altura : 15 Anchura : 15 Cord X: 145 Cord Y :121  DESPUES 1 CUBO
2022-08-25 23:56:08 DEBUG (Fractal.java:94) Altura : 31 Anchura : 31 Cord X: 90 Cord Y :137  DESPUES 1 CUBO
2022-08-25 23:56:08 DEBUG (Fractal.java:94) Altura : 62 Anchura : 62 Cord X: 181 Cord Y :275  DESPUES 1 CUBO
2022-08-25 23:56:08 DEBUG (Fractal.java:94) Altura : 15 Anchura : 15 Cord X: 75 Cord Y :145  DESPUES 1 CUBO
2022-08-25 23:56:08 DEBUG (Fractal.java:94) Altura : 15 Anchura : 15 Cord X: 98 Cord Y :122  DESPUES 1 CUBO
2022-08-25 23:56:08 DEBUG (Fractal.java:94) Altura : 15 Anchura : 15 Cord X: 121 Cord Y :145  DESPUES 1 CUBO
2022-08-25 23:56:08 DEBUG (Fractal.java:94) Altura : 15 Anchura : 15 Cord X: 98 Cord Y :168  DESPUES 1 CUBO
2022-08-25 23:56:53 DEBUG (Fractal.java:94) Altura : 125 Anchura : 125 Cord X: 150 Cord Y :150  DESPUES 1 CUBO
2022-08-25 23:56:53 DEBUG (Fractal.java:96) Altura : 125 Anchura : 125 Cord X: 150 Cord Y :150  DESPUES 2 CUBO
2022-08-25 23:56:53 DEBUG (Fractal.java:94) Altura : 250 Anchura : 250 Cord X: 300 Cord Y :300  DESPUES 1 CUBO
2022-08-25 23:56:53 DEBUG (Fractal.java:94) Altura : 62 Anchura : 62 Cord X: 87 Cord Y :181  DESPUES 1 CUBO
2022-08-25 23:56:53 DEBUG (Fractal.java:96) Altura : 62 Anchura : 62 Cord X: 87 Cord Y :181  DESPUES 2 CUBO
2022-08-25 23:56:53 DEBUG (Fractal.java:96) Altura : 250 Anchura : 250 Cord X: 300 Cord Y :300  DESPUES 2 CUBO
2022-08-25 23:56:53 DEBUG (Fractal.java:94) Altura : 62 Anchura : 62 Cord X: 181 Cord Y :87  DESPUES 1 CUBO
2022-08-25 23:56:53 DEBUG (Fractal.java:96) Altura : 62 Anchura : 62 Cord X: 181 Cord Y :87  DESPUES 2 CUBO
2022-08-25 23:56:53 DEBUG (Fractal.java:94) Altura : 62 Anchura : 62 Cord X: 275 Cord Y :181  DESPUES 1 CUBO
2022-08-25 23:56:53 DEBUG (Fractal.java:96) Altura : 62 Anchura : 62 Cord X: 275 Cord Y :181  DESPUES 2 CUBO
2022-08-25 23:56:53 DEBUG (Fractal.java:94) Altura : 62 Anchura : 62 Cord X: 181 Cord Y :275  DESPUES 1 CUBO
2022-08-25 23:56:53 DEBUG (Fractal.java:96) Altura : 62 Anchura : 62 Cord X: 181 Cord Y :275  DESPUES 2 CUBO
2022-08-25 23:56:53 DEBUG (Fractal.java:94) Altura : 125 Anchura : 125 Cord X: 150 Cord Y :150  DESPUES 1 CUBO
2022-08-25 23:56:53 DEBUG (Fractal.java:96) Altura : 125 Anchura : 125 Cord X: 150 Cord Y :150  DESPUES 2 CUBO
2022-08-25 23:56:53 DEBUG (Fractal.java:94) Altura : 250 Anchura : 250 Cord X: 300 Cord Y :300  DESPUES 1 CUBO
2022-08-25 23:56:53 DEBUG (Fractal.java:94) Altura : 62 Anchura : 62 Cord X: 87 Cord Y :181  DESPUES 1 CUBO
2022-08-25 23:56:53 DEBUG (Fractal.java:96) Altura : 62 Anchura : 62 Cord X: 87 Cord Y :181  DESPUES 2 CUBO
2022-08-25 23:56:53 DEBUG (Fractal.java:96) Altura : 250 Anchura : 250 Cord X: 300 Cord Y :300  DESPUES 2 CUBO
2022-08-25 23:56:53 DEBUG (Fractal.java:94) Altura : 62 Anchura : 62 Cord X: 181 Cord Y :87  DESPUES 1 CUBO
2022-08-25 23:56:53 DEBUG (Fractal.java:96) Altura : 62 Anchura : 62 Cord X: 181 Cord Y :87  DESPUES 2 CUBO
2022-08-25 23:56:53 DEBUG (Fractal.java:94) Altura : 62 Anchura : 62 Cord X: 275 Cord Y :181  DESPUES 1 CUBO
2022-08-25 23:56:53 DEBUG (Fractal.java:96) Altura : 62 Anchura : 62 Cord X: 275 Cord Y :181  DESPUES 2 CUBO
2022-08-25 23:56:53 DEBUG (Fractal.java:94) Altura : 62 Anchura : 62 Cord X: 181 Cord Y :275  DESPUES 1 CUBO
2022-08-25 23:56:53 DEBUG (Fractal.java:96) Altura : 62 Anchura : 62 Cord X: 181 Cord Y :275  DESPUES 2 CUBO
2022-08-25 23:57:15 DEBUG (Fractal.java:94) Altura : 125 Anchura : 125 Cord X: 150 Cord Y :150  DESPUES 1 CUBO
2022-08-25 23:57:15 DEBUG (Fractal.java:96) Altura : 125 Anchura : 125 Cord X: 150 Cord Y :150  DESPUES 2 CUBO
2022-08-25 23:57:15 DEBUG (Fractal.java:98) Altura : 125 Anchura : 125 Cord X: 150 Cord Y :150  DESPUES 3 CUBO
2022-08-25 23:57:15 DEBUG (Fractal.java:100) Altura : 125 Anchura : 125 Cord X: 150 Cord Y :150  DESPUES 4 CUBO
2022-08-25 23:57:15 DEBUG (Fractal.java:94) Altura : 250 Anchura : 250 Cord X: 300 Cord Y :300  DESPUES 1 CUBO
2022-08-25 23:57:15 DEBUG (Fractal.java:94) Altura : 62 Anchura : 62 Cord X: 87 Cord Y :181  DESPUES 1 CUBO
2022-08-25 23:57:15 DEBUG (Fractal.java:96) Altura : 62 Anchura : 62 Cord X: 87 Cord Y :181  DESPUES 2 CUBO
2022-08-25 23:57:15 DEBUG (Fractal.java:98) Altura : 62 Anchura : 62 Cord X: 87 Cord Y :181  DESPUES 3 CUBO
2022-08-25 23:57:15 DEBUG (Fractal.java:100) Altura : 62 Anchura : 62 Cord X: 87 Cord Y :181  DESPUES 4 CUBO
2022-08-25 23:57:15 DEBUG (Fractal.java:96) Altura : 250 Anchura : 250 Cord X: 300 Cord Y :300  DESPUES 2 CUBO
2022-08-25 23:57:15 DEBUG (Fractal.java:94) Altura : 62 Anchura : 62 Cord X: 181 Cord Y :87  DESPUES 1 CUBO
2022-08-25 23:57:15 DEBUG (Fractal.java:96) Altura : 62 Anchura : 62 Cord X: 181 Cord Y :87  DESPUES 2 CUBO
2022-08-25 23:57:15 DEBUG (Fractal.java:98) Altura : 62 Anchura : 62 Cord X: 181 Cord Y :87  DESPUES 3 CUBO
2022-08-25 23:57:15 DEBUG (Fractal.java:100) Altura : 62 Anchura : 62 Cord X: 181 Cord Y :87  DESPUES 4 CUBO
2022-08-25 23:57:15 DEBUG (Fractal.java:98) Altura : 250 Anchura : 250 Cord X: 300 Cord Y :300  DESPUES 3 CUBO
2022-08-25 23:57:15 DEBUG (Fractal.java:94) Altura : 62 Anchura : 62 Cord X: 275 Cord Y :181  DESPUES 1 CUBO
2022-08-25 23:57:15 DEBUG (Fractal.java:96) Altura : 62 Anchura : 62 Cord X: 275 Cord Y :181  DESPUES 2 CUBO
2022-08-25 23:57:15 DEBUG (Fractal.java:98) Altura : 62 Anchura : 62 Cord X: 275 Cord Y :181  DESPUES 3 CUBO
2022-08-25 23:57:15 DEBUG (Fractal.java:100) Altura : 62 Anchura : 62 Cord X: 275 Cord Y :181  DESPUES 4 CUBO
2022-08-25 23:57:15 DEBUG (Fractal.java:100) Altura : 250 Anchura : 250 Cord X: 300 Cord Y :300  DESPUES 4 CUBO
2022-08-25 23:57:15 DEBUG (Fractal.java:94) Altura : 62 Anchura : 62 Cord X: 181 Cord Y :275  DESPUES 1 CUBO
2022-08-25 23:57:15 DEBUG (Fractal.java:96) Altura : 62 Anchura : 62 Cord X: 181 Cord Y :275  DESPUES 2 CUBO
2022-08-25 23:57:15 DEBUG (Fractal.java:98) Altura : 62 Anchura : 62 Cord X: 181 Cord Y :275  DESPUES 3 CUBO
2022-08-25 23:57:15 DEBUG (Fractal.java:100) Altura : 62 Anchura : 62 Cord X: 181 Cord Y :275  DESPUES 4 CUBO
2022-08-25 23:57:15 DEBUG (Fractal.java:94) Altura : 125 Anchura : 125 Cord X: 150 Cord Y :150  DESPUES 1 CUBO
2022-08-25 23:57:15 DEBUG (Fractal.java:96) Altura : 125 Anchura : 125 Cord X: 150 Cord Y :150  DESPUES 2 CUBO
2022-08-25 23:57:15 DEBUG (Fractal.java:98) Altura : 125 Anchura : 125 Cord X: 150 Cord Y :150  DESPUES 3 CUBO
2022-08-25 23:57:15 DEBUG (Fractal.java:100) Altura : 125 Anchura : 125 Cord X: 150 Cord Y :150  DESPUES 4 CUBO
2022-08-25 23:57:15 DEBUG (Fractal.java:94) Altura : 250 Anchura : 250 Cord X: 300 Cord Y :300  DESPUES 1 CUBO
2022-08-25 23:57:15 DEBUG (Fractal.java:94) Altura : 62 Anchura : 62 Cord X: 87 Cord Y :181  DESPUES 1 CUBO
2022-08-25 23:57:15 DEBUG (Fractal.java:96) Altura : 62 Anchura : 62 Cord X: 87 Cord Y :181  DESPUES 2 CUBO
2022-08-25 23:57:15 DEBUG (Fractal.java:98) Altura : 62 Anchura : 62 Cord X: 87 Cord Y :181  DESPUES 3 CUBO
2022-08-25 23:57:15 DEBUG (Fractal.java:100) Altura : 62 Anchura : 62 Cord X: 87 Cord Y :181  DESPUES 4 CUBO
2022-08-25 23:57:15 DEBUG (Fractal.java:96) Altura : 250 Anchura : 250 Cord X: 300 Cord Y :300  DESPUES 2 CUBO
2022-08-25 23:57:15 DEBUG (Fractal.java:94) Altura : 62 Anchura : 62 Cord X: 181 Cord Y :87  DESPUES 1 CUBO
2022-08-25 23:57:15 DEBUG (Fractal.java:96) Altura : 62 Anchura : 62 Cord X: 181 Cord Y :87  DESPUES 2 CUBO
2022-08-25 23:57:15 DEBUG (Fractal.java:98) Altura : 62 Anchura : 62 Cord X: 181 Cord Y :87  DESPUES 3 CUBO
2022-08-25 23:57:15 DEBUG (Fractal.java:100) Altura : 62 Anchura : 62 Cord X: 181 Cord Y :87  DESPUES 4 CUBO
2022-08-25 23:57:15 DEBUG (Fractal.java:98) Altura : 250 Anchura : 250 Cord X: 300 Cord Y :300  DESPUES 3 CUBO
2022-08-25 23:57:15 DEBUG (Fractal.java:94) Altura : 62 Anchura : 62 Cord X: 275 Cord Y :181  DESPUES 1 CUBO
2022-08-25 23:57:15 DEBUG (Fractal.java:96) Altura : 62 Anchura : 62 Cord X: 275 Cord Y :181  DESPUES 2 CUBO
2022-08-25 23:57:15 DEBUG (Fractal.java:98) Altura : 62 Anchura : 62 Cord X: 275 Cord Y :181  DESPUES 3 CUBO
2022-08-25 23:57:15 DEBUG (Fractal.java:100) Altura : 62 Anchura : 62 Cord X: 275 Cord Y :181  DESPUES 4 CUBO
2022-08-25 23:57:15 DEBUG (Fractal.java:100) Altura : 250 Anchura : 250 Cord X: 300 Cord Y :300  DESPUES 4 CUBO
2022-08-25 23:57:15 DEBUG (Fractal.java:94) Altura : 62 Anchura : 62 Cord X: 181 Cord Y :275  DESPUES 1 CUBO
2022-08-25 23:57:15 DEBUG (Fractal.java:96) Altura : 62 Anchura : 62 Cord X: 181 Cord Y :275  DESPUES 2 CUBO
2022-08-25 23:57:15 DEBUG (Fractal.java:98) Altura : 62 Anchura : 62 Cord X: 181 Cord Y :275  DESPUES 3 CUBO
2022-08-25 23:57:15 DEBUG (Fractal.java:100) Altura : 62 Anchura : 62 Cord X: 181 Cord Y :275  DESPUES 4 CUBO
